
**** Build of configuration Nios II for project MPSoC_Consumer ****

make all 
      1 [main] sh 9132 find_fast_cwd: WARNING: Couldn't compute FAST_CWD pointer.  Please report this problem to
the public mailing list cygwin@cygwin.com
      0 [main] sh 12468 find_fast_cwd: WARNING: Couldn't compute FAST_CWD pointer.  Please report this problem to
the public mailing list cygwin@cygwin.com
      2 [main] echo 6716 find_fast_cwd: WARNING: Couldn't compute FAST_CWD pointer.  Please report this problem to
Info: Building ../MPSoC_Consumer_bsp/
the public mailing list cygwin@cygwin.com
make --no-print-directory -C ../MPSoC_Consumer_bsp/
      1 [main] pwd 20828 find_fast_cwd: WARNING: Couldn't compute FAST_CWD pointer.  Please report this problem to
the public mailing list cygwin@cygwin.com
      0 [main] sh 6508 find_fast_cwd: WARNING: Couldn't compute FAST_CWD pointer.  Please report this problem to
the public mailing list cygwin@cygwin.com
      0 [main] sh 5308 find_fast_cwd: WARNING: Couldn't compute FAST_CWD pointer.  Please report this problem to
the public mailing list cygwin@cygwin.com
[BSP build complete]
      0 [main] true 3776 find_fast_cwd: WARNING: Couldn't compute FAST_CWD pointer.  Please report this problem to
the public mailing list cygwin@cygwin.com
      0 [main] echo 4724 find_fast_cwd: WARNING: Couldn't compute FAST_CWD pointer.  Please report this problem to
Info: Linking MPSoC_Consumer.elf
the public mailing list cygwin@cygwin.com
nios2-elf-g++  -T'../MPSoC_Consumer_bsp//linker.x' -msys-crt0='../MPSoC_Consumer_bsp//obj/HAL/src/crt0.o' -msys-lib=hal_bsp -L../MPSoC_Consumer_bsp/   -Wl,-Map=MPSoC_Consumer.map   -O0 -g -Wall   -mno-hw-div -mno-hw-mul -mno-hw-mulx  -o MPSoC_Consumer.elf obj/default/FIFO_1.o obj/default/consumer.o -lm 
obj/default/FIFO_1.o: In function `READ_FIFO_1':
C:\Users\kaush\Documents\Coding_Practice\FPGA\CO503-practicals\Practical3\software\MPSoC_Consumer/FIFO_1.c:72: undefined reference to `prinf'
collect2.exe: error: ld returned 1 exit status
make: *** [MPSoC_Consumer.elf] Error 1

**** Build Finished ****

**** Build of configuration Nios II for project MPSoC_Consumer ****

make all 
      0 [main] sh 24504 find_fast_cwd: WARNING: Couldn't compute FAST_CWD pointer.  Please report this problem to
the public mailing list cygwin@cygwin.com
      0 [main] sh 24720 find_fast_cwd: WARNING: Couldn't compute FAST_CWD pointer.  Please report this problem to
the public mailing list cygwin@cygwin.com
      0 [main] echo 7148 find_fast_cwd: WARNING: Couldn't compute FAST_CWD pointer.  Please report this problem to
Info: Building ../MPSoC_Consumer_bsp/
the public mailing list cygwin@cygwin.com
make --no-print-directory -C ../MPSoC_Consumer_bsp/
      0 [main] pwd 25552 find_fast_cwd: WARNING: Couldn't compute FAST_CWD pointer.  Please report this problem to
the public mailing list cygwin@cygwin.com
      0 [main] sh 20072 find_fast_cwd: WARNING: Couldn't compute FAST_CWD pointer.  Please report this problem to
the public mailing list cygwin@cygwin.com
      0 [main] sh 19976 find_fast_cwd: WARNING: Couldn't compute FAST_CWD pointer.  Please report this problem to
the public mailing list cygwin@cygwin.com
[BSP build complete]
      0 [main] echo 3728 find_fast_cwd: WARNING: Couldn't compute FAST_CWD pointer.  Please report this problem to
Info: Compiling FIFO_1.c to obj/default/FIFO_1.o
the public mailing list cygwin@cygwin.com
      0 [main] mkdir 25712 find_fast_cwd: WARNING: Couldn't compute FAST_CWD pointer.  Please report this problem to
nios2-elf-gcc -xc -MP -MMD -c -I../MPSoC_Consumer_bsp//HAL/inc -I../MPSoC_Consumer_bsp/ -I../MPSoC_Consumer_bsp//drivers/inc  -DSYSTEM_BUS_WIDTH=32 -pipe -D__hal__ -DALT_NO_INSTRUCTION_EMULATION -DALT_SINGLE_THREADED    -O0 -g -Wall   -mno-hw-div -mno-hw-mul -mno-hw-mulx  -o obj/default/FIFO_1.o FIFO_1.c
the public mailing list cygwin@cygwin.com
      1 [main] true 27392 find_fast_cwd: WARNING: Couldn't compute FAST_CWD pointer.  Please report this problem to
the public mailing list cygwin@cygwin.com
      0 [main] echo 24312 find_fast_cwd: WARNING: Couldn't compute FAST_CWD pointer.  Please report this problem to
Info: Linking MPSoC_Consumer.elf
the public mailing list cygwin@cygwin.com
nios2-elf-g++  -T'../MPSoC_Consumer_bsp//linker.x' -msys-crt0='../MPSoC_Consumer_bsp//obj/HAL/src/crt0.o' -msys-lib=hal_bsp -L../MPSoC_Consumer_bsp/   -Wl,-Map=MPSoC_Consumer.map   -O0 -g -Wall   -mno-hw-div -mno-hw-mul -mno-hw-mulx  -o MPSoC_Consumer.elf obj/default/FIFO_1.o obj/default/consumer.o -lm 
nios2-elf-insert MPSoC_Consumer.elf --thread_model hal --cpu_name cpu1 --qsys true --simulation_enabled false --id 1 --sidp 0x51048 --timestamp 1715854611 --stderr_dev jtag_uart_1 --stdin_dev jtag_uart_1 --stdout_dev jtag_uart_1 --sopc_system_name MPSoC --quartus_project_dir "C:/Users/kaush/Documents/Coding_Practice/FPGA/CO503-practicals/Practical3" --sopcinfo C:/Users/kaush/Documents/Coding_Practice/FPGA/CO503-practicals/Practical3/MPSoC.sopcinfo
      0 [main] sh 4000 find_fast_cwd: WARNING: Couldn't compute FAST_CWD pointer.  Please report this problem to
the public mailing list cygwin@cygwin.com
      1 [main] uname 19684 find_fast_cwd: WARNING: Couldn't compute FAST_CWD pointer.  Please report this problem to
the public mailing list cygwin@cygwin.com
      1 [main] sh 17980 find_fast_cwd: WARNING: Couldn't compute FAST_CWD pointer.  Please report this problem to
the public mailing list cygwin@cygwin.com
Info: (MPSoC_Consumer.elf) 57 KBytes program size (code + initialized data).
Info:                      55 KBytes free for stack + heap.
      2 [main] echo 24516 find_fast_cwd: WARNING: Couldn't compute FAST_CWD pointer.  Please report this problem to
the public mailing list cygwin@cygwin.com
Info: Creating MPSoC_Consumer.objdump
nios2-elf-objdump --disassemble --syms --all-header --source MPSoC_Consumer.elf >MPSoC_Consumer.objdump
      0 [main] sh 15912 find_fast_cwd: WARNING: Couldn't compute FAST_CWD pointer.  Please report this problem to
the public mailing list cygwin@cygwin.com
      1 [main] sh 1952 find_fast_cwd: WARNING: Couldn't compute FAST_CWD pointer.  Please report this problem to
the public mailing list cygwin@cygwin.com
[MPSoC_Consumer build complete]

**** Build Finished ****

**** Build of configuration Nios II for project MPSoC_Consumer ****

make all 
      1 [main] sh 27588 find_fast_cwd: WARNING: Couldn't compute FAST_CWD pointer.  Please report this problem to
the public mailing list cygwin@cygwin.com
      0 [main] sh 12172 find_fast_cwd: WARNING: Couldn't compute FAST_CWD pointer.  Please report this problem to
the public mailing list cygwin@cygwin.com
      1 [main] echo 25608 find_fast_cwd: WARNING: Couldn't compute FAST_CWD pointer.  Please report this problem to
the public mailing list cygwin@cygwin.com
Info: Building ../MPSoC_Consumer_bsp/
make --no-print-directory -C ../MPSoC_Consumer_bsp/
      1 [main] pwd 4772 find_fast_cwd: WARNING: Couldn't compute FAST_CWD pointer.  Please report this problem to
the public mailing list cygwin@cygwin.com
      1 [main] sh 16740 find_fast_cwd: WARNING: Couldn't compute FAST_CWD pointer.  Please report this problem to
the public mailing list cygwin@cygwin.com
      0 [main] sh 17092 find_fast_cwd: WARNING: Couldn't compute FAST_CWD pointer.  Please report this problem to
the public mailing list cygwin@cygwin.com
[BSP build complete]
      0 [main] true 3312 find_fast_cwd: WARNING: Couldn't compute FAST_CWD pointer.  Please report this problem to
the public mailing list cygwin@cygwin.com
      0 [main] sh 6596 find_fast_cwd: WARNING: Couldn't compute FAST_CWD pointer.  Please report this problem to
the public mailing list cygwin@cygwin.com
[MPSoC_Consumer build complete]

**** Build Finished ****

**** Build of configuration Nios II for project MPSoC_Producer ****

make all 
      1 [main] sh 26308 find_fast_cwd: WARNING: Couldn't compute FAST_CWD pointer.  Please report this problem to
the public mailing list cygwin@cygwin.com
      0 [main] sh 12588 find_fast_cwd: WARNING: Couldn't compute FAST_CWD pointer.  Please report this problem to
the public mailing list cygwin@cygwin.com
      0 [main] echo 24820 find_fast_cwd: WARNING: Couldn't compute FAST_CWD pointer.  Please report this problem to
Info: Building ../MPSoC_Producer_bsp/
the public mailing list cygwin@cygwin.com
make --no-print-directory -C ../MPSoC_Producer_bsp/
      1 [main] pwd 20616 find_fast_cwd: WARNING: Couldn't compute FAST_CWD pointer.  Please report this problem to
the public mailing list cygwin@cygwin.com
      1 [main] sh 12076 find_fast_cwd: WARNING: Couldn't compute FAST_CWD pointer.  Please report this problem to
the public mailing list cygwin@cygwin.com
      0 [main] sh 25712 find_fast_cwd: WARNING: Couldn't compute FAST_CWD pointer.  Please report this problem to
the public mailing list cygwin@cygwin.com
[BSP build complete]
      1 [main] echo 9644 find_fast_cwd: WARNING: Couldn't compute FAST_CWD pointer.  Please report this problem to
Info: Compiling FIFO_1.c to obj/default/FIFO_1.o
the public mailing list cygwin@cygwin.com
      0 [main] mkdir 6740 find_fast_cwd: WARNING: Couldn't compute FAST_CWD pointer.  Please report this problem to
the public mailing list cygwin@cygwin.com
nios2-elf-gcc -xc -MP -MMD -c -I../MPSoC_Producer_bsp//HAL/inc -I../MPSoC_Producer_bsp/ -I../MPSoC_Producer_bsp//drivers/inc  -DSYSTEM_BUS_WIDTH=32 -pipe -D__hal__ -DALT_NO_INSTRUCTION_EMULATION -DALT_SINGLE_THREADED    -O0 -g -Wall   -mno-hw-div -mno-hw-mul -mno-hw-mulx  -o obj/default/FIFO_1.o FIFO_1.c
      0 [main] true 20728 find_fast_cwd: WARNING: Couldn't compute FAST_CWD pointer.  Please report this problem to
the public mailing list cygwin@cygwin.com
      0 [main] echo 27500 find_fast_cwd: WARNING: Couldn't compute FAST_CWD pointer.  Please report this problem to
Info: Linking MPSoC_Producer.elf
the public mailing list cygwin@cygwin.com
nios2-elf-g++  -T'../MPSoC_Producer_bsp//linker.x' -msys-crt0='../MPSoC_Producer_bsp//obj/HAL/src/crt0.o' -msys-lib=hal_bsp -L../MPSoC_Producer_bsp/   -Wl,-Map=MPSoC_Producer.map   -O0 -g -Wall   -mno-hw-div -mno-hw-mul -mno-hw-mulx  -o MPSoC_Producer.elf obj/default/FIFO_1.o obj/default/producer.o -lm 
nios2-elf-insert MPSoC_Producer.elf --thread_model hal --cpu_name cpu0 --qsys true --simulation_enabled false --id 1 --sidp 0x51048 --timestamp 1715854611 --stderr_dev jtag_uart_0 --stdin_dev jtag_uart_0 --stdout_dev jtag_uart_0 --sopc_system_name MPSoC --quartus_project_dir "C:/Users/kaush/Documents/Coding_Practice/FPGA/CO503-practicals/Practical3" --sopcinfo C:/Users/kaush/Documents/Coding_Practice/FPGA/CO503-practicals/Practical3/MPSoC.sopcinfo
      1 [main] sh 20920 find_fast_cwd: WARNING: Couldn't compute FAST_CWD pointer.  Please report this problem to
the public mailing list cygwin@cygwin.com
      0 [main] uname 16452 find_fast_cwd: WARNING: Couldn't compute FAST_CWD pointer.  Please report this problem to
the public mailing list cygwin@cygwin.com
      1 [main] sh 24756 find_fast_cwd: WARNING: Couldn't compute FAST_CWD pointer.  Please report this problem to
the public mailing list cygwin@cygwin.com
Info: (MPSoC_Producer.elf) 57 KBytes program size (code + initialized data).
Info:                      55 KBytes free for stack + heap.
      0 [main] echo 26628 find_fast_cwd: WARNING: Couldn't compute FAST_CWD pointer.  Please report this problem to
Info: Creating MPSoC_Producer.objdump
the public mailing list cygwin@cygwin.com
nios2-elf-objdump --disassemble --syms --all-header --source MPSoC_Producer.elf >MPSoC_Producer.objdump
      0 [main] sh 19900 find_fast_cwd: WARNING: Couldn't compute FAST_CWD pointer.  Please report this problem to
the public mailing list cygwin@cygwin.com
      0 [main] sh 12320 find_fast_cwd: WARNING: Couldn't compute FAST_CWD pointer.  Please report this problem to
the public mailing list cygwin@cygwin.com
[MPSoC_Producer build complete]

**** Build Finished ****

**** Build of configuration Nios II for project MPSoC_Producer ****

make all 
      1 [main] sh 14608 find_fast_cwd: WARNING: Couldn't compute FAST_CWD pointer.  Please report this problem to
the public mailing list cygwin@cygwin.com
      0 [main] sh 22700 find_fast_cwd: WARNING: Couldn't compute FAST_CWD pointer.  Please report this problem to
the public mailing list cygwin@cygwin.com
      1 [main] echo 6060 find_fast_cwd: WARNING: Couldn't compute FAST_CWD pointer.  Please report this problem to
Info: Building ../MPSoC_Producer_bsp/
the public mailing list cygwin@cygwin.com
make --no-print-directory -C ../MPSoC_Producer_bsp/
      0 [main] pwd 2100 find_fast_cwd: WARNING: Couldn't compute FAST_CWD pointer.  Please report this problem to
the public mailing list cygwin@cygwin.com
      0 [main] sh 18884 find_fast_cwd: WARNING: Couldn't compute FAST_CWD pointer.  Please report this problem to
the public mailing list cygwin@cygwin.com
      0 [main] sh 24688 find_fast_cwd: WARNING: Couldn't compute FAST_CWD pointer.  Please report this problem to
the public mailing list cygwin@cygwin.com
[BSP build complete]
      0 [main] true 9348 find_fast_cwd: WARNING: Couldn't compute FAST_CWD pointer.  Please report this problem to
the public mailing list cygwin@cygwin.com
      0 [main] sh 3352 find_fast_cwd: WARNING: Couldn't compute FAST_CWD pointer.  Please report this problem to
the public mailing list cygwin@cygwin.com
[MPSoC_Producer build complete]

**** Build Finished ****

**** Build of configuration Nios II for project MPSoC_Consumer ****

make all 
      0 [main] sh 2776 find_fast_cwd: WARNING: Couldn't compute FAST_CWD pointer.  Please report this problem to
the public mailing list cygwin@cygwin.com
      1 [main] sh 5340 find_fast_cwd: WARNING: Couldn't compute FAST_CWD pointer.  Please report this problem to
the public mailing list cygwin@cygwin.com
      1 [main] echo 21412 find_fast_cwd: WARNING: Couldn't compute FAST_CWD pointer.  Please report this problem to
Info: Building ../MPSoC_Consumer_bsp/
the public mailing list cygwin@cygwin.com
make --no-print-directory -C ../MPSoC_Consumer_bsp/
      0 [main] pwd 23888 find_fast_cwd: WARNING: Couldn't compute FAST_CWD pointer.  Please report this problem to
the public mailing list cygwin@cygwin.com
      1 [main] sh 23460 find_fast_cwd: WARNING: Couldn't compute FAST_CWD pointer.  Please report this problem to
the public mailing list cygwin@cygwin.com
      0 [main] sh 3624 find_fast_cwd: WARNING: Couldn't compute FAST_CWD pointer.  Please report this problem to
the public mailing list cygwin@cygwin.com
[BSP build complete]
      0 [main] echo 27456 find_fast_cwd: WARNING: Couldn't compute FAST_CWD pointer.  Please report this problem to
Info: Compiling FIFO_1.c to obj/default/FIFO_1.o
the public mailing list cygwin@cygwin.com
      1 [main] mkdir 5940 find_fast_cwd: WARNING: Couldn't compute FAST_CWD pointer.  Please report this problem to
the public mailing list cygwin@cygwin.com
nios2-elf-gcc -xc -MP -MMD -c -I../MPSoC_Consumer_bsp//HAL/inc -I../MPSoC_Consumer_bsp/ -I../MPSoC_Consumer_bsp//drivers/inc  -DSYSTEM_BUS_WIDTH=32 -pipe -D__hal__ -DALT_NO_INSTRUCTION_EMULATION -DALT_SINGLE_THREADED    -O0 -g -Wall   -mno-hw-div -mno-hw-mul -mno-hw-mulx  -o obj/default/FIFO_1.o FIFO_1.c
      0 [main] true 20936 find_fast_cwd: WARNING: Couldn't compute FAST_CWD pointer.  Please report this problem to
the public mailing list cygwin@cygwin.com
      0 [main] echo 10060 find_fast_cwd: WARNING: Couldn't compute FAST_CWD pointer.  Please report this problem to
Info: Linking MPSoC_Consumer.elf
the public mailing list cygwin@cygwin.com
nios2-elf-g++  -T'../MPSoC_Consumer_bsp//linker.x' -msys-crt0='../MPSoC_Consumer_bsp//obj/HAL/src/crt0.o' -msys-lib=hal_bsp -L../MPSoC_Consumer_bsp/   -Wl,-Map=MPSoC_Consumer.map   -O0 -g -Wall   -mno-hw-div -mno-hw-mul -mno-hw-mulx  -o MPSoC_Consumer.elf obj/default/FIFO_1.o obj/default/consumer.o -lm 
nios2-elf-insert MPSoC_Consumer.elf --thread_model hal --cpu_name cpu1 --qsys true --simulation_enabled false --id 1 --sidp 0x51048 --timestamp 1715854611 --stderr_dev jtag_uart_1 --stdin_dev jtag_uart_1 --stdout_dev jtag_uart_1 --sopc_system_name MPSoC --quartus_project_dir "C:/Users/kaush/Documents/Coding_Practice/FPGA/CO503-practicals/Practical3" --sopcinfo C:/Users/kaush/Documents/Coding_Practice/FPGA/CO503-practicals/Practical3/MPSoC.sopcinfo
      0 [main] sh 23132 find_fast_cwd: WARNING: Couldn't compute FAST_CWD pointer.  Please report this problem to
the public mailing list cygwin@cygwin.com
      0 [main] uname 11352 find_fast_cwd: WARNING: Couldn't compute FAST_CWD pointer.  Please report this problem to
the public mailing list cygwin@cygwin.com
      1 [main] sh 18636 find_fast_cwd: WARNING: Couldn't compute FAST_CWD pointer.  Please report this problem to
the public mailing list cygwin@cygwin.com
Info: (MPSoC_Consumer.elf) 57 KBytes program size (code + initialized data).
Info:                      55 KBytes free for stack + heap.
      0 [main] echo 20216 find_fast_cwd: WARNING: Couldn't compute FAST_CWD pointer.  Please report this problem to
Info: Creating MPSoC_Consumer.objdump
the public mailing list cygwin@cygwin.com
nios2-elf-objdump --disassemble --syms --all-header --source MPSoC_Consumer.elf >MPSoC_Consumer.objdump
      0 [main] sh 10740 find_fast_cwd: WARNING: Couldn't compute FAST_CWD pointer.  Please report this problem to
the public mailing list cygwin@cygwin.com
      0 [main] sh 17976 find_fast_cwd: WARNING: Couldn't compute FAST_CWD pointer.  Please report this problem to
the public mailing list cygwin@cygwin.com
[MPSoC_Consumer build complete]

**** Build Finished ****

**** Build of configuration Nios II for project MPSoC_Consumer ****

make all 
      0 [main] sh 12156 find_fast_cwd: WARNING: Couldn't compute FAST_CWD pointer.  Please report this problem to
the public mailing list cygwin@cygwin.com
      1 [main] sh 15688 find_fast_cwd: WARNING: Couldn't compute FAST_CWD pointer.  Please report this problem to
the public mailing list cygwin@cygwin.com
      0 [main] echo 11448 find_fast_cwd: WARNING: Couldn't compute FAST_CWD pointer.  Please report this problem to
Info: Building ../MPSoC_Consumer_bsp/
the public mailing list cygwin@cygwin.com
make --no-print-directory -C ../MPSoC_Consumer_bsp/
      0 [main] pwd 22764 find_fast_cwd: WARNING: Couldn't compute FAST_CWD pointer.  Please report this problem to
the public mailing list cygwin@cygwin.com
      1 [main] sh 23668 find_fast_cwd: WARNING: Couldn't compute FAST_CWD pointer.  Please report this problem to
the public mailing list cygwin@cygwin.com
      0 [main] sh 23072 find_fast_cwd: WARNING: Couldn't compute FAST_CWD pointer.  Please report this problem to
the public mailing list cygwin@cygwin.com
[BSP build complete]
      0 [main] true 18128 find_fast_cwd: WARNING: Couldn't compute FAST_CWD pointer.  Please report this problem to
the public mailing list cygwin@cygwin.com
      0 [main] sh 21500 find_fast_cwd: WARNING: Couldn't compute FAST_CWD pointer.  Please report this problem to
the public mailing list cygwin@cygwin.com
[MPSoC_Consumer build complete]

**** Build Finished ****
